23-01-12 8:51:39.5321228 pid:12512 tid:17 sqltools Critical: 0 : Exception in IntelliCode extension for Microsoft SQL Language Server: System.IO.IOException: Failed to load the python intellicode model file
   at Microsoft.VisualStudio.IntelliCode.SQL.PythiaModelLoader.LoadModelAsync(String modelPath, PythiaModel& sequenceModel)
   at Microsoft.VisualStudio.IntelliCode.SQL.PythiaService.<>c__DisplayClass6_0.<.ctor>b__0()
   at System.Threading.Tasks.Task.InnerInvoke()
   at System.Threading.ExecutionContext.RunFromThreadPoolDispatchLoop(Thread threadPoolThread, ExecutionContext executionContext, ContextCallback callback, Object state)
--- End of stack trace from previous location ---
   at System.Threading.ExecutionContext.RunFromThreadPoolDispatchLoop(Thread threadPoolThread, ExecutionContext executionContext, ContextCallback callback, Object state)
   at System.Threading.Tasks.Task.ExecuteWithThreadLocal(Task& currentTaskSlot, Thread threadPoolThread)
--- End of stack trace from previous location ---
   at Microsoft.VisualStudio.IntelliCode.SQL.PythiaService.GetRecommendationsAsync(ConnectionInfo connInfo, ScriptDocumentInfo scriptDocumentInfo, CompletionItem[] completions, CancellationToken cancellationToken)
   at Microsoft.VisualStudio.IntelliCode.SQL.CompletionExtension.HandleCompletionAsync(ConnectionInfo connInfo, ScriptDocumentInfo scriptDocumentInfo, CompletionItem[] completions, CancellationToken token)
23-01-12 8:51:39.9857910 pid:12512 tid:13 sqltools Critical: 0 : Exception in IntelliCode extension for Microsoft SQL Language Server: System.IO.IOException: Failed to load the python intellicode model file
   at Microsoft.VisualStudio.IntelliCode.SQL.PythiaModelLoader.LoadModelAsync(String modelPath, PythiaModel& sequenceModel)
   at Microsoft.VisualStudio.IntelliCode.SQL.PythiaService.<>c__DisplayClass6_0.<.ctor>b__0()
   at System.Threading.Tasks.Task.InnerInvoke()
   at System.Threading.ExecutionContext.RunFromThreadPoolDispatchLoop(Thread threadPoolThread, ExecutionContext executionContext, ContextCallback callback, Object state)
--- End of stack trace from previous location ---
   at System.Threading.ExecutionContext.RunFromThreadPoolDispatchLoop(Thread threadPoolThread, ExecutionContext executionContext, ContextCallback callback, Object state)
   at System.Threading.Tasks.Task.ExecuteWithThreadLocal(Task& currentTaskSlot, Thread threadPoolThread)
--- End of stack trace from previous location ---
   at Microsoft.VisualStudio.IntelliCode.SQL.PythiaService.GetRecommendationsAsync(ConnectionInfo connInfo, ScriptDocumentInfo scriptDocumentInfo, CompletionItem[] completions, CancellationToken cancellationToken)
   at Microsoft.VisualStudio.IntelliCode.SQL.CompletionExtension.HandleCompletionAsync(ConnectionInfo connInfo, ScriptDocumentInfo scriptDocumentInfo, CompletionItem[] completions, CancellationToken token)
23-01-12 8:51:41.6384897 pid:12512 tid:9 sqltools Critical: 0 : Exception in IntelliCode extension for Microsoft SQL Language Server: System.IO.IOException: Failed to load the python intellicode model file
   at Microsoft.VisualStudio.IntelliCode.SQL.PythiaModelLoader.LoadModelAsync(String modelPath, PythiaModel& sequenceModel)
   at Microsoft.VisualStudio.IntelliCode.SQL.PythiaService.<>c__DisplayClass6_0.<.ctor>b__0()
   at System.Threading.Tasks.Task.InnerInvoke()
   at System.Threading.ExecutionContext.RunFromThreadPoolDispatchLoop(Thread threadPoolThread, ExecutionContext executionContext, ContextCallback callback, Object state)
--- End of stack trace from previous location ---
   at System.Threading.ExecutionContext.RunFromThreadPoolDispatchLoop(Thread threadPoolThread, ExecutionContext executionContext, ContextCallback callback, Object state)
   at System.Threading.Tasks.Task.ExecuteWithThreadLocal(Task& currentTaskSlot, Thread threadPoolThread)
--- End of stack trace from previous location ---
   at Microsoft.VisualStudio.IntelliCode.SQL.PythiaService.GetRecommendationsAsync(ConnectionInfo connInfo, ScriptDocumentInfo scriptDocumentInfo, CompletionItem[] completi